#! /usr/bin/vvp
:ivl_version "11.0 (stable)";
:ivl_delay_selection "TYPICAL";
:vpi_time_precision - 12;
:vpi_module "/usr/lib/x86_64-linux-gnu/ivl/system.vpi";
:vpi_module "/usr/lib/x86_64-linux-gnu/ivl/vhdl_sys.vpi";
:vpi_module "/usr/lib/x86_64-linux-gnu/ivl/vhdl_textio.vpi";
:vpi_module "/usr/lib/x86_64-linux-gnu/ivl/v2005_math.vpi";
:vpi_module "/usr/lib/x86_64-linux-gnu/ivl/va_math.vpi";
:vpi_module "/usr/lib/x86_64-linux-gnu/ivl/v2009.vpi";
S_0x55686944c370 .scope package, "$unit" "$unit" 2 1;
 .timescale 0 0;
S_0x55686944c500 .scope module, "async_bidir_fifo_unit_test" "async_bidir_fifo_unit_test" 3 152;
 .timescale -9 -12;
P_0x55686944c690 .param/l "DATA_W" 1 3 154, +C4<00000000000000000000000000001000>;
v0x556869480390_0 .net "a_empty", 0 0, L_0x556869481630;  1 drivers
v0x556869480430_0 .net "a_full", 0 0, L_0x5568694814f0;  1 drivers
v0x5568694804f0_0 .net "a_rdata", 7 0, v0x55686947e4f0_0;  1 drivers
v0x556869480590_0 .var "a_ren", 0 0;
v0x556869480630_0 .var "a_wdata", 7 0;
v0x556869480770_0 .var "a_wen", 0 0;
v0x556869480860_0 .net "b_empty", 0 0, L_0x556869481070;  1 drivers
v0x556869480950_0 .net "b_full", 0 0, L_0x556869481a90;  1 drivers
v0x556869480a40_0 .net "b_rdata", 7 0, v0x55686947bdd0_0;  1 drivers
v0x556869480b00_0 .var "b_ren", 0 0;
v0x556869480bf0_0 .var "b_wdata", 7 0;
v0x556869480d00_0 .var "b_wen", 0 0;
v0x556869480df0_0 .var "clk_a", 0 0;
v0x556869480e90_0 .var "clk_b", 0 0;
v0x556869480f30_0 .var "rstn_a", 0 0;
v0x556869480fd0_0 .var "rstn_b", 0 0;
E_0x556869447610 .event posedge, v0x556869455590_0;
E_0x556869449170 .event posedge, v0x556869453e50_0;
S_0x55686943cf50 .scope module, "dut" "async_bidir_fifo" 3 165, 3 108 0, S_0x55686944c500;
 .timescale -9 -12;
    .port_info 0 /INPUT 1 "clk_a";
    .port_info 1 /INPUT 1 "rstn_a";
    .port_info 2 /INPUT 1 "a_wen";
    .port_info 3 /INPUT 8 "a_wdata";
    .port_info 4 /INPUT 1 "a_ren";
    .port_info 5 /OUTPUT 8 "a_rdata";
    .port_info 6 /OUTPUT 1 "a_full";
    .port_info 7 /OUTPUT 1 "a_empty";
    .port_info 8 /INPUT 1 "clk_b";
    .port_info 9 /INPUT 1 "rstn_b";
    .port_info 10 /INPUT 1 "b_wen";
    .port_info 11 /INPUT 8 "b_wdata";
    .port_info 12 /INPUT 1 "b_ren";
    .port_info 13 /OUTPUT 8 "b_rdata";
    .port_info 14 /OUTPUT 1 "b_full";
    .port_info 15 /OUTPUT 1 "b_empty";
P_0x55686944aa70 .param/l "ADDR_W" 0 3 110, +C4<00000000000000000000000000000011>;
P_0x55686944aab0 .param/l "DATA_W" 0 3 109, +C4<00000000000000000000000000001000>;
v0x55686947f1d0_0 .net "a_empty", 0 0, L_0x556869481630;  alias, 1 drivers
v0x55686947f2c0_0 .net "a_full", 0 0, L_0x5568694814f0;  alias, 1 drivers
v0x55686947f390_0 .net "a_rdata", 7 0, v0x55686947e4f0_0;  alias, 1 drivers
v0x55686947f490_0 .net "a_ren", 0 0, v0x556869480590_0;  1 drivers
v0x55686947f560_0 .net "a_wdata", 7 0, v0x556869480630_0;  1 drivers
v0x55686947f600_0 .net "a_wen", 0 0, v0x556869480770_0;  1 drivers
v0x55686947f6d0_0 .net "b_empty", 0 0, L_0x556869481070;  alias, 1 drivers
v0x55686947f7a0_0 .net "b_full", 0 0, L_0x556869481a90;  alias, 1 drivers
v0x55686947f870_0 .net "b_rdata", 7 0, v0x55686947bdd0_0;  alias, 1 drivers
v0x55686947f940_0 .net "b_ren", 0 0, v0x556869480b00_0;  1 drivers
v0x55686947fa10_0 .net "b_wdata", 7 0, v0x556869480bf0_0;  1 drivers
v0x55686947fae0_0 .net "b_wen", 0 0, v0x556869480d00_0;  1 drivers
v0x55686947fbb0_0 .net "clk_a", 0 0, v0x556869480df0_0;  1 drivers
v0x55686947fce0_0 .net "clk_b", 0 0, v0x556869480e90_0;  1 drivers
v0x55686947fe10_0 .net "rstn_a", 0 0, v0x556869480f30_0;  1 drivers
v0x55686947ff40_0 .net "rstn_b", 0 0, v0x556869480fd0_0;  1 drivers
S_0x556869401cf0 .scope module, "fifo_a2b" "async_fifo" 3 132, 3 29 0, S_0x55686943cf50;
 .timescale -9 -12;
    .port_info 0 /INPUT 1 "wclk";
    .port_info 1 /INPUT 1 "wrstn";
    .port_info 2 /INPUT 1 "winc";
    .port_info 3 /INPUT 8 "wdata";
    .port_info 4 /OUTPUT 1 "wfull";
    .port_info 5 /INPUT 1 "rclk";
    .port_info 6 /INPUT 1 "rrstn";
    .port_info 7 /INPUT 1 "rinc";
    .port_info 8 /OUTPUT 8 "rdata";
    .port_info 9 /OUTPUT 1 "rempty";
P_0x556869403620 .param/l "ADDR_W" 0 3 31, +C4<00000000000000000000000000000011>;
P_0x556869403660 .param/l "DATA_W" 0 3 30, +C4<00000000000000000000000000001000>;
P_0x5568694036a0 .param/l "DEPTH" 1 3 45, +C4<00000000000000000000000000000001000>;
L_0x556869454860 .functor NOT 2, L_0x5568694811d0, C4<00>, C4<00>, C4<00>;
v0x55686947b8a0_0 .net *"_ivl_3", 1 0, L_0x5568694811d0;  1 drivers
v0x55686947b9a0_0 .net *"_ivl_4", 1 0, L_0x556869454860;  1 drivers
v0x55686947ba80_0 .net *"_ivl_7", 1 0, L_0x556869481310;  1 drivers
v0x55686947bb40_0 .net *"_ivl_8", 3 0, L_0x5568694813b0;  1 drivers
v0x55686947bc20 .array "mem", 7 0, 7 0;
v0x55686947bd30_0 .net "rclk", 0 0, v0x556869480e90_0;  alias, 1 drivers
v0x55686947bdd0_0 .var "rdata", 7 0;
v0x55686947be90_0 .net "rempty", 0 0, L_0x556869481070;  alias, 1 drivers
v0x55686947bf50_0 .net "rinc", 0 0, v0x556869480b00_0;  alias, 1 drivers
v0x55686947c010_0 .var "rptr_bin", 3 0;
v0x55686947c0f0_0 .var "rptr_gray", 3 0;
v0x55686947c1b0_0 .net "rptr_gray_sync", 3 0, v0x556869454a80_0;  1 drivers
v0x55686947c250_0 .net "rrstn", 0 0, v0x556869480fd0_0;  alias, 1 drivers
v0x55686947c320_0 .net "wclk", 0 0, v0x556869480df0_0;  alias, 1 drivers
v0x55686947c3f0_0 .net "wdata", 7 0, v0x556869480630_0;  alias, 1 drivers
v0x55686947c490_0 .net "wfull", 0 0, L_0x5568694814f0;  alias, 1 drivers
v0x55686947c530_0 .net "winc", 0 0, v0x556869480770_0;  alias, 1 drivers
v0x55686947c5f0_0 .var "wptr_bin", 3 0;
v0x55686947c6d0_0 .var "wptr_gray", 3 0;
v0x55686947c7c0_0 .net "wptr_gray_sync", 3 0, v0x55686947b570_0;  1 drivers
v0x55686947c890_0 .net "wrstn", 0 0, v0x556869480f30_0;  alias, 1 drivers
L_0x556869481070 .cmp/eq 4, v0x55686947c0f0_0, v0x55686947b570_0;
L_0x5568694811d0 .part v0x556869454a80_0, 2, 2;
L_0x556869481310 .part v0x556869454a80_0, 0, 2;
L_0x5568694813b0 .concat [ 2 2 0 0], L_0x556869481310, L_0x556869454860;
L_0x5568694814f0 .cmp/eq 4, v0x55686947c6d0_0, L_0x5568694813b0;
S_0x556869401fc0 .scope module, "sync_r2w" "sync_gray" 3 81, 3 6 0, S_0x556869401cf0;
 .timescale -9 -12;
    .port_info 0 /INPUT 1 "clk";
    .port_info 1 /INPUT 1 "rstn";
    .port_info 2 /INPUT 4 "d";
    .port_info 3 /OUTPUT 4 "q";
P_0x556869402150 .param/l "W" 0 3 6, +C4<000000000000000000000000000000100>;
v0x556869455590_0 .net "clk", 0 0, v0x556869480df0_0;  alias, 1 drivers
v0x556869454980_0 .net "d", 3 0, v0x55686947c0f0_0;  1 drivers
v0x556869454a80_0 .var "q", 3 0;
v0x556869439010_0 .var "q1", 3 0;
v0x5568694390b0_0 .net "rstn", 0 0, v0x556869480f30_0;  alias, 1 drivers
E_0x556869447910/0 .event negedge, v0x5568694390b0_0;
E_0x556869447910/1 .event posedge, v0x556869455590_0;
E_0x556869447910 .event/or E_0x556869447910/0, E_0x556869447910/1;
S_0x55686947b230 .scope module, "sync_w2r" "sync_gray" 3 88, 3 6 0, S_0x556869401cf0;
 .timescale -9 -12;
    .port_info 0 /INPUT 1 "clk";
    .port_info 1 /INPUT 1 "rstn";
    .port_info 2 /INPUT 4 "d";
    .port_info 3 /OUTPUT 4 "q";
P_0x55686947b430 .param/l "W" 0 3 6, +C4<000000000000000000000000000000100>;
v0x556869453e50_0 .net "clk", 0 0, v0x556869480e90_0;  alias, 1 drivers
v0x556869453ef0_0 .net "d", 3 0, v0x55686947c6d0_0;  1 drivers
v0x55686947b570_0 .var "q", 3 0;
v0x55686947b630_0 .var "q1", 3 0;
v0x55686947b710_0 .net "rstn", 0 0, v0x556869480fd0_0;  alias, 1 drivers
E_0x5568694494c0/0 .event negedge, v0x55686947b710_0;
E_0x5568694494c0/1 .event posedge, v0x556869453e50_0;
E_0x5568694494c0 .event/or E_0x5568694494c0/0, E_0x5568694494c0/1;
S_0x55686947cac0 .scope module, "fifo_b2a" "async_fifo" 3 140, 3 29 0, S_0x55686943cf50;
 .timescale -9 -12;
    .port_info 0 /INPUT 1 "wclk";
    .port_info 1 /INPUT 1 "wrstn";
    .port_info 2 /INPUT 1 "winc";
    .port_info 3 /INPUT 8 "wdata";
    .port_info 4 /OUTPUT 1 "wfull";
    .port_info 5 /INPUT 1 "rclk";
    .port_info 6 /INPUT 1 "rrstn";
    .port_info 7 /INPUT 1 "rinc";
    .port_info 8 /OUTPUT 8 "rdata";
    .port_info 9 /OUTPUT 1 "rempty";
P_0x55686947cc70 .param/l "ADDR_W" 0 3 31, +C4<00000000000000000000000000000011>;
P_0x55686947ccb0 .param/l "DATA_W" 0 3 30, +C4<00000000000000000000000000001000>;
P_0x55686947ccf0 .param/l "DEPTH" 1 3 45, +C4<00000000000000000000000000000001000>;
L_0x556869438e30 .functor NOT 2, L_0x556869481770, C4<00>, C4<00>, C4<00>;
v0x55686947dfc0_0 .net *"_ivl_3", 1 0, L_0x556869481770;  1 drivers
v0x55686947e0c0_0 .net *"_ivl_4", 1 0, L_0x556869438e30;  1 drivers
v0x55686947e1a0_0 .net *"_ivl_7", 1 0, L_0x5568694818b0;  1 drivers
v0x55686947e260_0 .net *"_ivl_8", 3 0, L_0x556869481950;  1 drivers
v0x55686947e340 .array "mem", 7 0, 7 0;
v0x55686947e450_0 .net "rclk", 0 0, v0x556869480df0_0;  alias, 1 drivers
v0x55686947e4f0_0 .var "rdata", 7 0;
v0x55686947e5d0_0 .net "rempty", 0 0, L_0x556869481630;  alias, 1 drivers
v0x55686947e690_0 .net "rinc", 0 0, v0x556869480590_0;  alias, 1 drivers
v0x55686947e750_0 .var "rptr_bin", 3 0;
v0x55686947e830_0 .var "rptr_gray", 3 0;
v0x55686947e8f0_0 .net "rptr_gray_sync", 3 0, v0x55686947d490_0;  1 drivers
v0x55686947e990_0 .net "rrstn", 0 0, v0x556869480f30_0;  alias, 1 drivers
v0x55686947ea30_0 .net "wclk", 0 0, v0x556869480e90_0;  alias, 1 drivers
v0x55686947ead0_0 .net "wdata", 7 0, v0x556869480bf0_0;  alias, 1 drivers
v0x55686947eb90_0 .net "wfull", 0 0, L_0x556869481a90;  alias, 1 drivers
v0x55686947ec50_0 .net "winc", 0 0, v0x556869480d00_0;  alias, 1 drivers
v0x55686947ed10_0 .var "wptr_bin", 3 0;
v0x55686947edf0_0 .var "wptr_gray", 3 0;
v0x55686947eee0_0 .net "wptr_gray_sync", 3 0, v0x55686947dc60_0;  1 drivers
v0x55686947efb0_0 .net "wrstn", 0 0, v0x556869480fd0_0;  alias, 1 drivers
L_0x556869481630 .cmp/eq 4, v0x55686947e830_0, v0x55686947dc60_0;
L_0x556869481770 .part v0x55686947d490_0, 2, 2;
L_0x5568694818b0 .part v0x55686947d490_0, 0, 2;
L_0x556869481950 .concat [ 2 2 0 0], L_0x5568694818b0, L_0x556869438e30;
L_0x556869481a90 .cmp/eq 4, v0x55686947edf0_0, L_0x556869481950;
S_0x55686947d060 .scope module, "sync_r2w" "sync_gray" 3 81, 3 6 0, S_0x55686947cac0;
 .timescale -9 -12;
    .port_info 0 /INPUT 1 "clk";
    .port_info 1 /INPUT 1 "rstn";
    .port_info 2 /INPUT 4 "d";
    .port_info 3 /OUTPUT 4 "q";
P_0x55686947d240 .param/l "W" 0 3 6, +C4<000000000000000000000000000000100>;
v0x55686947ce90_0 .net "clk", 0 0, v0x556869480e90_0;  alias, 1 drivers
v0x55686947d3b0_0 .net "d", 3 0, v0x55686947e830_0;  1 drivers
v0x55686947d490_0 .var "q", 3 0;
v0x55686947d550_0 .var "q1", 3 0;
v0x55686947d630_0 .net "rstn", 0 0, v0x556869480fd0_0;  alias, 1 drivers
S_0x55686947d7f0 .scope module, "sync_w2r" "sync_gray" 3 88, 3 6 0, S_0x55686947cac0;
 .timescale -9 -12;
    .port_info 0 /INPUT 1 "clk";
    .port_info 1 /INPUT 1 "rstn";
    .port_info 2 /INPUT 4 "d";
    .port_info 3 /OUTPUT 4 "q";
P_0x55686947d9f0 .param/l "W" 0 3 6, +C4<000000000000000000000000000000100>;
v0x55686947da90_0 .net "clk", 0 0, v0x556869480df0_0;  alias, 1 drivers
v0x55686947db80_0 .net "d", 3 0, v0x55686947edf0_0;  1 drivers
v0x55686947dc60_0 .var "q", 3 0;
v0x55686947dd20_0 .var "q1", 3 0;
v0x55686947de00_0 .net "rstn", 0 0, v0x556869480f30_0;  alias, 1 drivers
S_0x5568694801e0 .scope task, "reset_all" "reset_all" 3 170, 3 170 0, S_0x55686944c500;
 .timescale -9 -12;
TD_async_bidir_fifo_unit_test.reset_all ;
    %pushi/vec4 0, 0, 1;
    %store/vec4 v0x556869480f30_0, 0, 1;
    %pushi/vec4 0, 0, 1;
    %store/vec4 v0x556869480fd0_0, 0, 1;
    %pushi/vec4 0, 0, 1;
    %store/vec4 v0x556869480770_0, 0, 1;
    %pushi/vec4 0, 0, 1;
    %store/vec4 v0x556869480590_0, 0, 1;
    %pushi/vec4 0, 0, 1;
    %store/vec4 v0x556869480d00_0, 0, 1;
    %pushi/vec4 0, 0, 1;
    %store/vec4 v0x556869480b00_0, 0, 1;
    %delay 50000, 0;
    %pushi/vec4 1, 0, 1;
    %store/vec4 v0x556869480f30_0, 0, 1;
    %pushi/vec4 1, 0, 1;
    %store/vec4 v0x556869480fd0_0, 0, 1;
    %end;
    .scope S_0x556869401fc0;
T_1 ;
    %wait E_0x556869447910;
    %load/vec4 v0x5568694390b0_0;
    %nor/r;
    %flag_set/vec4 8;
    %jmp/0xz  T_1.0, 8;
    %pushi/vec4 0, 0, 4;
    %assign/vec4 v0x556869439010_0, 0;
    %pushi/vec4 0, 0, 4;
    %assign/vec4 v0x556869454a80_0, 0;
    %jmp T_1.1;
T_1.0 ;
    %load/vec4 v0x556869454980_0;
    %assign/vec4 v0x556869439010_0, 0;
    %load/vec4 v0x556869439010_0;
    %assign/vec4 v0x556869454a80_0, 0;
T_1.1 ;
    %jmp T_1;
    .thread T_1;
    .scope S_0x55686947b230;
T_2 ;
    %wait E_0x5568694494c0;
    %load/vec4 v0x55686947b710_0;
    %nor/r;
    %flag_set/vec4 8;
    %jmp/0xz  T_2.0, 8;
    %pushi/vec4 0, 0, 4;
    %assign/vec4 v0x55686947b630_0, 0;
    %pushi/vec4 0, 0, 4;
    %assign/vec4 v0x55686947b570_0, 0;
    %jmp T_2.1;
T_2.0 ;
    %load/vec4 v0x556869453ef0_0;
    %assign/vec4 v0x55686947b630_0, 0;
    %load/vec4 v0x55686947b630_0;
    %assign/vec4 v0x55686947b570_0, 0;
T_2.1 ;
    %jmp T_2;
    .thread T_2;
    .scope S_0x556869401cf0;
T_3 ;
    %wait E_0x556869447910;
    %load/vec4 v0x55686947c890_0;
    %nor/r;
    %flag_set/vec4 8;
    %jmp/0xz  T_3.0, 8;
    %pushi/vec4 0, 0, 4;
    %assign/vec4 v0x55686947c5f0_0, 0;
    %pushi/vec4 0, 0, 4;
    %assign/vec4 v0x55686947c6d0_0, 0;
    %jmp T_3.1;
T_3.0 ;
    %load/vec4 v0x55686947c530_0;
    %load/vec4 v0x55686947c490_0;
    %nor/r;
    %and;
    %flag_set/vec4 8;
    %jmp/0xz  T_3.2, 8;
    %load/vec4 v0x55686947c3f0_0;
    %load/vec4 v0x55686947c5f0_0;
    %parti/s 3, 0, 2;
    %pad/u 5;
    %ix/vec4 3;
    %ix/load 4, 0, 0; Constant delay
    %assign/vec4/a/d v0x55686947bc20, 0, 4;
    %load/vec4 v0x55686947c5f0_0;
    %addi 1, 0, 4;
    %assign/vec4 v0x55686947c5f0_0, 0;
    %load/vec4 v0x55686947c5f0_0;
    %addi 1, 0, 4;
    %load/vec4 v0x55686947c5f0_0;
    %addi 1, 0, 4;
    %ix/load 4, 1, 0;
    %flag_set/imm 4, 0;
    %shiftr 4;
    %xor;
    %assign/vec4 v0x55686947c6d0_0, 0;
T_3.2 ;
T_3.1 ;
    %jmp T_3;
    .thread T_3;
    .scope S_0x556869401cf0;
T_4 ;
    %wait E_0x5568694494c0;
    %load/vec4 v0x55686947c250_0;
    %nor/r;
    %flag_set/vec4 8;
    %jmp/0xz  T_4.0, 8;
    %pushi/vec4 0, 0, 4;
    %assign/vec4 v0x55686947c010_0, 0;
    %pushi/vec4 0, 0, 4;
    %assign/vec4 v0x55686947c0f0_0, 0;
    %pushi/vec4 0, 0, 8;
    %assign/vec4 v0x55686947bdd0_0, 0;
    %jmp T_4.1;
T_4.0 ;
    %load/vec4 v0x55686947bf50_0;
    %load/vec4 v0x55686947be90_0;
    %nor/r;
    %and;
    %flag_set/vec4 8;
    %jmp/0xz  T_4.2, 8;
    %load/vec4 v0x55686947c010_0;
    %parti/s 3, 0, 2;
    %pad/u 5;
    %ix/vec4 4;
    %load/vec4a v0x55686947bc20, 4;
    %assign/vec4 v0x55686947bdd0_0, 0;
    %load/vec4 v0x55686947c010_0;
    %addi 1, 0, 4;
    %assign/vec4 v0x55686947c010_0, 0;
    %load/vec4 v0x55686947c010_0;
    %addi 1, 0, 4;
    %load/vec4 v0x55686947c010_0;
    %addi 1, 0, 4;
    %ix/load 4, 1, 0;
    %flag_set/imm 4, 0;
    %shiftr 4;
    %xor;
    %assign/vec4 v0x55686947c0f0_0, 0;
T_4.2 ;
T_4.1 ;
    %jmp T_4;
    .thread T_4;
    .scope S_0x55686947d060;
T_5 ;
    %wait E_0x5568694494c0;
    %load/vec4 v0x55686947d630_0;
    %nor/r;
    %flag_set/vec4 8;
    %jmp/0xz  T_5.0, 8;
    %pushi/vec4 0, 0, 4;
    %assign/vec4 v0x55686947d550_0, 0;
    %pushi/vec4 0, 0, 4;
    %assign/vec4 v0x55686947d490_0, 0;
    %jmp T_5.1;
T_5.0 ;
    %load/vec4 v0x55686947d3b0_0;
    %assign/vec4 v0x55686947d550_0, 0;
    %load/vec4 v0x55686947d550_0;
    %assign/vec4 v0x55686947d490_0, 0;
T_5.1 ;
    %jmp T_5;
    .thread T_5;
    .scope S_0x55686947d7f0;
T_6 ;
    %wait E_0x556869447910;
    %load/vec4 v0x55686947de00_0;
    %nor/r;
    %flag_set/vec4 8;
    %jmp/0xz  T_6.0, 8;
    %pushi/vec4 0, 0, 4;
    %assign/vec4 v0x55686947dd20_0, 0;
    %pushi/vec4 0, 0, 4;
    %assign/vec4 v0x55686947dc60_0, 0;
    %jmp T_6.1;
T_6.0 ;
    %load/vec4 v0x55686947db80_0;
    %assign/vec4 v0x55686947dd20_0, 0;
    %load/vec4 v0x55686947dd20_0;
    %assign/vec4 v0x55686947dc60_0, 0;
T_6.1 ;
    %jmp T_6;
    .thread T_6;
    .scope S_0x55686947cac0;
T_7 ;
    %wait E_0x5568694494c0;
    %load/vec4 v0x55686947efb0_0;
    %nor/r;
    %flag_set/vec4 8;
    %jmp/0xz  T_7.0, 8;
    %pushi/vec4 0, 0, 4;
    %assign/vec4 v0x55686947ed10_0, 0;
    %pushi/vec4 0, 0, 4;
    %assign/vec4 v0x55686947edf0_0, 0;
    %jmp T_7.1;
T_7.0 ;
    %load/vec4 v0x55686947ec50_0;
    %load/vec4 v0x55686947eb90_0;
    %nor/r;
    %and;
    %flag_set/vec4 8;
    %jmp/0xz  T_7.2, 8;
    %load/vec4 v0x55686947ead0_0;
    %load/vec4 v0x55686947ed10_0;
    %parti/s 3, 0, 2;
    %pad/u 5;
    %ix/vec4 3;
    %ix/load 4, 0, 0; Constant delay
    %assign/vec4/a/d v0x55686947e340, 0, 4;
    %load/vec4 v0x55686947ed10_0;
    %addi 1, 0, 4;
    %assign/vec4 v0x55686947ed10_0, 0;
    %load/vec4 v0x55686947ed10_0;
    %addi 1, 0, 4;
    %load/vec4 v0x55686947ed10_0;
    %addi 1, 0, 4;
    %ix/load 4, 1, 0;
    %flag_set/imm 4, 0;
    %shiftr 4;
    %xor;
    %assign/vec4 v0x55686947edf0_0, 0;
T_7.2 ;
T_7.1 ;
    %jmp T_7;
    .thread T_7;
    .scope S_0x55686947cac0;
T_8 ;
    %wait E_0x556869447910;
    %load/vec4 v0x55686947e990_0;
    %nor/r;
    %flag_set/vec4 8;
    %jmp/0xz  T_8.0, 8;
    %pushi/vec4 0, 0, 4;
    %assign/vec4 v0x55686947e750_0, 0;
    %pushi/vec4 0, 0, 4;
    %assign/vec4 v0x55686947e830_0, 0;
    %pushi/vec4 0, 0, 8;
    %assign/vec4 v0x55686947e4f0_0, 0;
    %jmp T_8.1;
T_8.0 ;
    %load/vec4 v0x55686947e690_0;
    %load/vec4 v0x55686947e5d0_0;
    %nor/r;
    %and;
    %flag_set/vec4 8;
    %jmp/0xz  T_8.2, 8;
    %load/vec4 v0x55686947e750_0;
    %parti/s 3, 0, 2;
    %pad/u 5;
    %ix/vec4 4;
    %load/vec4a v0x55686947e340, 4;
    %assign/vec4 v0x55686947e4f0_0, 0;
    %load/vec4 v0x55686947e750_0;
    %addi 1, 0, 4;
    %assign/vec4 v0x55686947e750_0, 0;
    %load/vec4 v0x55686947e750_0;
    %addi 1, 0, 4;
    %load/vec4 v0x55686947e750_0;
    %addi 1, 0, 4;
    %ix/load 4, 1, 0;
    %flag_set/imm 4, 0;
    %shiftr 4;
    %xor;
    %assign/vec4 v0x55686947e830_0, 0;
T_8.2 ;
T_8.1 ;
    %jmp T_8;
    .thread T_8;
    .scope S_0x55686944c500;
T_9 ;
    %pushi/vec4 0, 0, 1;
    %store/vec4 v0x556869480df0_0, 0, 1;
    %pushi/vec4 0, 0, 1;
    %store/vec4 v0x556869480e90_0, 0, 1;
    %end;
    .thread T_9, $init;
    .scope S_0x55686944c500;
T_10 ;
    %delay 5000, 0;
    %load/vec4 v0x556869480df0_0;
    %inv;
    %store/vec4 v0x556869480df0_0, 0, 1;
    %jmp T_10;
    .thread T_10;
    .scope S_0x55686944c500;
T_11 ;
    %delay 7000, 0;
    %load/vec4 v0x556869480e90_0;
    %inv;
    %store/vec4 v0x556869480e90_0, 0, 1;
    %jmp T_11;
    .thread T_11;
    .scope S_0x55686944c500;
T_12 ;
    %vpi_call/w 3 181 "$dumpfile", "async_bidir_fifo.vcd" {0 0 0};
    %vpi_call/w 3 182 "$dumpvars", 32'sb00000000000000000000000000000000, S_0x55686944c500 {0 0 0};
    %fork TD_async_bidir_fifo_unit_test.reset_all, S_0x5568694801e0;
    %join;
    %wait E_0x556869447610;
    %pushi/vec4 165, 0, 8;
    %store/vec4 v0x556869480630_0, 0, 8;
    %pushi/vec4 1, 0, 1;
    %store/vec4 v0x556869480770_0, 0, 1;
    %wait E_0x556869447610;
    %pushi/vec4 0, 0, 1;
    %store/vec4 v0x556869480770_0, 0, 1;
    %pushi/vec4 4, 0, 32;
T_12.0 %dup/vec4;
    %pushi/vec4 0, 0, 32;
    %cmp/s;
    %jmp/1xz T_12.1, 5;
    %jmp/1 T_12.1, 4;
    %pushi/vec4 1, 0, 32;
    %sub;
    %wait E_0x556869449170;
    %jmp T_12.0;
T_12.1 ;
    %pop/vec4 1;
    %pushi/vec4 1, 0, 1;
    %store/vec4 v0x556869480b00_0, 0, 1;
    %wait E_0x556869449170;
    %pushi/vec4 0, 0, 1;
    %store/vec4 v0x556869480b00_0, 0, 1;
    %load/vec4 v0x556869480a40_0;
    %cmpi/ne 165, 0, 8;
    %jmp/0xz  T_12.2, 6;
    %vpi_call/w 3 198 "$fatal", "A->B FAILED" {0 0 0};
T_12.2 ;
    %wait E_0x556869449170;
    %pushi/vec4 90, 0, 8;
    %store/vec4 v0x556869480bf0_0, 0, 8;
    %pushi/vec4 1, 0, 1;
    %store/vec4 v0x556869480d00_0, 0, 1;
    %wait E_0x556869449170;
    %pushi/vec4 0, 0, 1;
    %store/vec4 v0x556869480d00_0, 0, 1;
    %pushi/vec4 4, 0, 32;
T_12.4 %dup/vec4;
    %pushi/vec4 0, 0, 32;
    %cmp/s;
    %jmp/1xz T_12.5, 5;
    %jmp/1 T_12.5, 4;
    %pushi/vec4 1, 0, 32;
    %sub;
    %wait E_0x556869447610;
    %jmp T_12.4;
T_12.5 ;
    %pop/vec4 1;
    %pushi/vec4 1, 0, 1;
    %store/vec4 v0x556869480590_0, 0, 1;
    %wait E_0x556869447610;
    %pushi/vec4 0, 0, 1;
    %store/vec4 v0x556869480590_0, 0, 1;
    %load/vec4 v0x5568694804f0_0;
    %cmpi/ne 90, 0, 8;
    %jmp/0xz  T_12.6, 6;
    %vpi_call/w 3 212 "$fatal", "B->A FAILED" {0 0 0};
T_12.6 ;
    %vpi_call/w 3 214 "$display", "\342\234\205 ASYNC BIDIR FIFO TEST PASS" {0 0 0};
    %delay 100000, 0;
    %vpi_call/w 3 216 "$finish" {0 0 0};
    %end;
    .thread T_12;
# The file index is used to find the file name in the following table.
:file_names 4;
    "N/A";
    "<interactive>";
    "-";
    "async_bidir_fifo_unit_test.sv";
